app/build/intermediates/manifest_merge_blame_file/debug/manifest-merger-blame-debug-report.txt
1<?xml version="1.0" encoding="utf-8"?>
2<manifest xmlns:android="http://schemas.android.com/apk/res/android"
3    package="com.example.submerge"
4    android:versionCode="1"
5    android:versionName="1.0" >
6
7    <uses-sdk
8        android:minSdkVersion="22"
8-->src/main/AndroidManifest.xml
9        android:targetSdkVersion="29" />
9-->src/main/AndroidManifest.xml
10
11    <uses-permission android:name="android.permission.ACCESS_NETWORK_STATE" />
11-->[org.mongodb:stitch-android-core:4.5.0] AndroidManifest.xml:11:5-79
11-->[org.mongodb:stitch-android-core:4.5.0] AndroidManifest.xml:11:22-76
12    <uses-permission android:name="android.permission.INTERNET" />
12-->[org.mongodb:stitch-android-core:4.5.0] AndroidManifest.xml:12:5-67
12-->[org.mongodb:stitch-android-core:4.5.0] AndroidManifest.xml:12:22-64
13
14    <application
14-->src/main/AndroidManifest.xml:5:5-19:19
15        android:allowBackup="true"
15-->src/main/AndroidManifest.xml:6:9-35
16        android:appComponentFactory="androidx.core.app.CoreComponentFactory"
16-->[androidx.core:core:1.1.0] AndroidManifest.xml:24:18-86
17        android:debuggable="true"
18        android:icon="@mipmap/ic_launcher"
18-->src/main/AndroidManifest.xml:7:9-43
19        android:label="@string/app_name"
19-->src/main/AndroidManifest.xml:8:9-41
20        android:roundIcon="@mipmap/ic_launcher_round"
20-->src/main/AndroidManifest.xml:9:9-54
21        android:supportsRtl="true"
21-->src/main/AndroidManifest.xml:10:9-35
22        android:testOnly="true"
23        android:theme="@style/AppTheme" >
23-->src/main/AndroidManifest.xml:11:9-40
24        <activity android:name="com.example.SubMerge.interfaces.SearchInterface" >
24-->src/main/AndroidManifest.xml:12:9-18:20
24-->src/main/AndroidManifest.xml:12:19-81
25            <intent-filter>
25-->src/main/AndroidManifest.xml:13:13-17:29
26                <action android:name="android.intent.action.MAIN" />
26-->src/main/AndroidManifest.xml:14:17-69
26-->src/main/AndroidManifest.xml:14:25-66
27
28                <category android:name="android.intent.category.LAUNCHER" />
28-->src/main/AndroidManifest.xml:16:17-77
28-->src/main/AndroidManifest.xml:16:27-74
29            </intent-filter>
30        </activity>
31        <!-- MongoDbMobileProvider initialize MongoDB Mobile for future usage -->
32        <provider
32-->[org.mongodb:stitch-android-services-mongodb-local:4.5.0] AndroidManifest.xml:14:9-17:40
33            android:name="com.mongodb.stitch.android.services.mongodb.local.internal.MongoDbMobileProvider"
33-->[org.mongodb:stitch-android-services-mongodb-local:4.5.0] AndroidManifest.xml:15:13-108
34            android:authorities="com.example.submerge.StitchMongoDBMobileProvider"
34-->[org.mongodb:stitch-android-services-mongodb-local:4.5.0] AndroidManifest.xml:16:13-79
35            android:exported="false" />
35-->[org.mongodb:stitch-android-services-mongodb-local:4.5.0] AndroidManifest.xml:17:13-37
36        <!--
37          StitchInitProvider is a ContentProvider that will associate the application's Context
38          with Stitch. It also will look for resource values such as stitch_client_app_id to register
39           a default app client.
40        -->
41        <provider
41-->[org.mongodb:stitch-android-core:4.5.0] AndroidManifest.xml:21:9-24:40
42            android:name="com.mongodb.stitch.android.core.internal.StitchInitProvider"
42-->[org.mongodb:stitch-android-core:4.5.0] AndroidManifest.xml:22:13-87
43            android:authorities="com.example.submerge.StitchInitProvider"
43-->[org.mongodb:stitch-android-core:4.5.0] AndroidManifest.xml:23:13-70
44            android:exported="false" />
44-->[org.mongodb:stitch-android-core:4.5.0] AndroidManifest.xml:24:13-37
45
46        <meta-data
46-->[com.google.android.gms:play-services-basement:15.0.1] AndroidManifest.xml:23:9-25:69
47            android:name="com.google.android.gms.version"
47-->[com.google.android.gms:play-services-basement:15.0.1] AndroidManifest.xml:24:13-58
48            android:value="@integer/google_play_services_version" />
48-->[com.google.android.gms:play-services-basement:15.0.1] AndroidManifest.xml:25:13-66
49    </application>
50
51</manifest>